<?xml version="1.0" encoding="UTF-8"?>
<testsuite name="TwoferTest" tests="3" skipped="0" failures="0" errors="0" timestamp="2022-07-04T15:54:13" hostname="DESKTOP-13FI6ID" time="0.081">
  <properties/>
  <testcase name="noNameGiven" classname="TwoferTest" time="0.072"/>
  <testcase name="aNameGiven" classname="TwoferTest" time="0.008"/>
  <testcase name="anotherNameGiven" classname="TwoferTest" time="0.0"/>
  <system-out><![CDATA[]]></system-out>
  <system-err><![CDATA[]]></system-err>
</testsuite>
